This is pdfTeX, Version 3.14159265-2.6-1.40.16 (TeX Live 2015) (preloaded format=latex 2015.8.31)  24 JUL 2019 15:24
entering extended mode
 restricted \write18 enabled.
 %&-line parsing enabled.
**bioinformaticspaper.tex
(./bioinformaticspaper.tex
LaTeX2e <2015/01/01>
Babel <3.9l> and hyphenation patterns for 79 languages loaded.
(/usr/local/texlive/2015/texmf-dist/tex/latex/base/article.cls
Document Class: article 2014/09/29 v1.4h Standard LaTeX document class
(/usr/local/texlive/2015/texmf-dist/tex/latex/base/size10.clo
File: size10.clo 2014/09/29 v1.4h Standard LaTeX file (size option)
)
\c@part=\count79
\c@section=\count80
\c@subsection=\count81
\c@subsubsection=\count82
\c@paragraph=\count83
\c@subparagraph=\count84
\c@figure=\count85
\c@table=\count86
\abovecaptionskip=\skip41
\belowcaptionskip=\skip42
\bibindent=\dimen102
)
(/usr/local/texlive/2015/texmf-dist/tex/latex/tools/xr.sty
Package: xr 1994/05/28 v5.02 eXternal References (DPC)
)
(/usr/local/texlive/2015/texmf-dist/tex/latex/graphics/graphicx.sty
Package: graphicx 2014/10/28 v1.0g Enhanced LaTeX Graphics (DPC,SPQR)

(/usr/local/texlive/2015/texmf-dist/tex/latex/graphics/keyval.sty
Package: keyval 2014/10/28 v1.15 key=value parser (DPC)
\KV@toks@=\toks14
)
(/usr/local/texlive/2015/texmf-dist/tex/latex/graphics/graphics.sty
Package: graphics 2014/10/28 v1.0p Standard LaTeX Graphics (DPC,SPQR)

(/usr/local/texlive/2015/texmf-dist/tex/latex/graphics/trig.sty
Package: trig 1999/03/16 v1.09 sin cos tan (DPC)
)
(/usr/local/texlive/2015/texmf-dist/tex/latex/latexconfig/graphics.cfg
File: graphics.cfg 2010/04/23 v1.9 graphics configuration of TeX Live
)
Package graphics Info: Driver file: dvips.def on input line 94.

(/usr/local/texlive/2015/texmf-dist/tex/latex/graphics/dvips.def
File: dvips.def 2014/10/14 v3.0j Driver-dependent file (DPC,SPQR)
))
\Gin@req@height=\dimen103
\Gin@req@width=\dimen104
)
(/usr/local/texlive/2015/texmf-dist/tex/latex/tools/bm.sty
Package: bm 2014/10/28 v1.1c Bold Symbol Support (DPC/FMi)
\symboldoperators=\mathgroup4
\symboldletters=\mathgroup5
\symboldsymbols=\mathgroup6
LaTeX Font Info:    Redeclaring math alphabet \mathbf on input line 141.
LaTeX Info: Redefining \bm on input line 207.
)
(/usr/local/texlive/2015/texmf-dist/tex/latex/lineno/lineno.sty
Package: lineno 2005/11/02 line numbers on paragraphs v4.41
\linenopenalty=\count87
\output=\toks15
\linenoprevgraf=\count88
\linenumbersep=\dimen105
\linenumberwidth=\dimen106
\c@linenumber=\count89
\c@pagewiselinenumber=\count90
\c@LN@truepage=\count91
\c@internallinenumber=\count92
\c@internallinenumbers=\count93
\quotelinenumbersep=\dimen107
\bframerule=\dimen108
\bframesep=\dimen109
\bframebox=\box26
LaTeX Info: Redefining \\ on input line 3056.
) (./natbib.sty
Package: natbib 2010/09/13 8.31b (PWD, AO)
\bibhang=\skip43
\bibsep=\skip44
LaTeX Info: Redefining \cite on input line 694.
\c@NAT@ctr=\count94
) (/usr/local/texlive/2015/texmf-dist/tex/latex/setspace/setspace.sty
Package: setspace 2011/12/19 v6.7a set line spacing
)
(/usr/local/texlive/2015/texmf-dist/tex/latex/preprint/authblk.sty
Package: authblk 2001/02/27 1.3 (PWD)
\affilsep=\skip45
\@affilsep=\skip46
\c@Maxaffil=\count95
\c@authors=\count96
\c@affil=\count97
)
Package xr Info: IMPORTING LABELS FROM supmaterials.aux on input line 21.

(./bioinformaticspaper.aux)
\openout1 = `bioinformaticspaper.aux'.

LaTeX Font Info:    Checking defaults for OML/cmm/m/it on input line 23.
LaTeX Font Info:    ... okay on input line 23.
LaTeX Font Info:    Checking defaults for T1/cmr/m/n on input line 23.
LaTeX Font Info:    ... okay on input line 23.
LaTeX Font Info:    Checking defaults for OT1/cmr/m/n on input line 23.
LaTeX Font Info:    ... okay on input line 23.
LaTeX Font Info:    Checking defaults for OMS/cmsy/m/n on input line 23.
LaTeX Font Info:    ... okay on input line 23.
LaTeX Font Info:    Checking defaults for OMX/cmex/m/n on input line 23.
LaTeX Font Info:    ... okay on input line 23.
LaTeX Font Info:    Checking defaults for U/cmr/m/n on input line 23.
LaTeX Font Info:    ... okay on input line 23.
LaTeX Font Info:    External font `cmex10' loaded for size
(Font)              <12> on input line 35.
LaTeX Font Info:    External font `cmex10' loaded for size
(Font)              <8> on input line 35.
LaTeX Font Info:    External font `cmex10' loaded for size
(Font)              <6> on input line 35.

Overfull \hbox (7.93024pt too wide) in paragraph at lines 54--61
\OT1/cmr/m/n/9 fa-mil-iar with R. It is freely avail-able via the CRAN web-site
 at https://cran.r-
 []

[1

]
LaTeX Font Info:    External font `cmex10' loaded for size
(Font)              <7> on input line 75.
LaTeX Font Info:    External font `cmex10' loaded for size
(Font)              <5> on input line 75.
 [2] [3] [4] [5] [6] [7] [8] [9] [10] [11] [12] [13]
Overfull \hbox (6.03087pt too wide) in paragraph at lines 388--389
[]\OT1/cmr/m/n/10 FaST-LMM and GEMMA im-ple-ment single-locus as-so-ci-a-tion m
ap-ping. FaST-
 []

[14]
File: power2main.eps Graphic file (type eps)
 <power2main.eps>
Overfull \hbox (81.78966pt too wide) in paragraph at lines 432--434
[][] 
 []


LaTeX Warning: Float too large for page by 47.6527pt on input line 435.

[15] [16]
File: Figure2_time.jpg Graphic file (type eps)
 <Figure2_time.jpg>
Overfull \hbox (68.99895pt too wide) in paragraph at lines 499--500
 [][] 
 []


LaTeX Warning: Float too large for page by 124.1124pt on input line 500.

[17] [18] [19]
File: mouseresults.eps Graphic file (type eps)
 <mouseresults.eps>
Overfull \hbox (81.78966pt too wide) in paragraph at lines 565--566
 [] 
 []


LaTeX Warning: Float too large for page by 41.94324pt on input line 568.

[20] [21] [22]
Overfull \hbox (129.80637pt too wide) in paragraph at lines 625--628
\OT1/cmr/m/n/10 were ob-tained from the Het-ero-ge-neous Stock Mice web-site ht
tp://wp.cs.ucl.ac.uk/outbredmice/heterogeneous-
 []

[23] (./bioinformaticspaper.bbl [24] [25] [26]) [27] (./bioinformaticspaper.aux
) ) 
Here is how much of TeX's memory you used:
 1456 strings out of 493090
 19317 string characters out of 6134868
 76641 words of memory out of 5000000
 4949 multiletter control sequences out of 15000+600000
 14059 words of font info for 48 fonts, out of 8000000 for 9000
 1141 hyphenation exceptions out of 8191
 25i,5n,24p,1387b,304s stack positions out of 5000i,500n,10000p,200000b,80000s

Output written on bioinformaticspaper.dvi (27 pages, 83984 bytes).
