This is pdfTeX, Version 3.14159265-2.6-1.40.16 (TeX Live 2015) (preloaded format=pdflatex 2015.8.31)  2 AUG 2019 13:51
entering extended mode
 restricted \write18 enabled.
 file:line:error style messages enabled.
 %&-line parsing enabled.
**supmaterials.tex
(./supmaterials.tex
LaTeX2e <2015/01/01>
Babel <3.9l> and hyphenation patterns for 79 languages loaded.
(/usr/local/texlive/2015/texmf-dist/tex/latex/base/article.cls
Document Class: article 2014/09/29 v1.4h Standard LaTeX document class
(/usr/local/texlive/2015/texmf-dist/tex/latex/base/size10.clo
File: size10.clo 2014/09/29 v1.4h Standard LaTeX file (size option)
)
\c@part=\count79
\c@section=\count80
\c@subsection=\count81
\c@subsubsection=\count82
\c@paragraph=\count83
\c@subparagraph=\count84
\c@figure=\count85
\c@table=\count86
\abovecaptionskip=\skip41
\belowcaptionskip=\skip42
\bibindent=\dimen102
)
(/usr/local/texlive/2015/texmf-dist/tex/latex/tools/xr.sty
Package: xr 1994/05/28 v5.02 eXternal References (DPC)
)
(/usr/local/texlive/2015/texmf-dist/tex/latex/graphics/lscape.sty
Package: lscape 2000/10/22 v3.01 Landscape Pages (DPC)

(/usr/local/texlive/2015/texmf-dist/tex/latex/graphics/graphics.sty
Package: graphics 2014/10/28 v1.0p Standard LaTeX Graphics (DPC,SPQR)

(/usr/local/texlive/2015/texmf-dist/tex/latex/graphics/trig.sty
Package: trig 1999/03/16 v1.09 sin cos tan (DPC)
)
(/usr/local/texlive/2015/texmf-dist/tex/latex/latexconfig/graphics.cfg
File: graphics.cfg 2010/04/23 v1.9 graphics configuration of TeX Live
)
Package graphics Info: Driver file: pdftex.def on input line 94.

(/usr/local/texlive/2015/texmf-dist/tex/latex/pdftex-def/pdftex.def
File: pdftex.def 2011/05/27 v0.06d Graphics/color for pdfTeX

(/usr/local/texlive/2015/texmf-dist/tex/generic/oberdiek/infwarerr.sty
Package: infwarerr 2010/04/08 v1.3 Providing info/warning/error messages (HO)
)
(/usr/local/texlive/2015/texmf-dist/tex/generic/oberdiek/ltxcmds.sty
Package: ltxcmds 2011/11/09 v1.22 LaTeX kernel commands for general use (HO)
)
\Gread@gobject=\count87
)))
(/usr/local/texlive/2015/texmf-dist/tex/latex/graphics/graphicx.sty
Package: graphicx 2014/10/28 v1.0g Enhanced LaTeX Graphics (DPC,SPQR)

(/usr/local/texlive/2015/texmf-dist/tex/latex/graphics/keyval.sty
Package: keyval 2014/10/28 v1.15 key=value parser (DPC)
\KV@toks@=\toks14
)
\Gin@req@height=\dimen103
\Gin@req@width=\dimen104
)
(/usr/local/texlive/2015/texmf-dist/tex/latex/preprint/authblk.sty
Package: authblk 2001/02/27 1.3 (PWD)
\affilsep=\skip43
\@affilsep=\skip44
\c@Maxaffil=\count88
\c@authors=\count89
\c@affil=\count90
)
(/usr/local/texlive/2015/texmf-dist/tex/latex/amsfonts/amsfonts.sty
Package: amsfonts 2013/01/14 v3.01 Basic AMSFonts support
\@emptytoks=\toks15
\symAMSa=\mathgroup4
\symAMSb=\mathgroup5
LaTeX Font Info:    Overwriting math alphabet `\mathfrak' in version `bold'
(Font)                  U/euf/m/n --> U/euf/b/n on input line 106.
)
(/usr/local/texlive/2015/texmf-dist/tex/latex/psnfss/pifont.sty
Package: pifont 2005/04/12 PSNFSS-v9.2a Pi font support (SPQR) 
LaTeX Font Info:    Try loading font information for U+pzd on input line 63.

(/usr/local/texlive/2015/texmf-dist/tex/latex/psnfss/upzd.fd
File: upzd.fd 2001/06/04 font definitions for U/pzd.
)
LaTeX Font Info:    Try loading font information for U+psy on input line 64.

(/usr/local/texlive/2015/texmf-dist/tex/latex/psnfss/upsy.fd
File: upsy.fd 2001/06/04 font definitions for U/psy.
))
(./supmaterials.aux)
\openout1 = `supmaterials.aux'.

LaTeX Font Info:    Checking defaults for OML/cmm/m/it on input line 15.
LaTeX Font Info:    ... okay on input line 15.
LaTeX Font Info:    Checking defaults for T1/cmr/m/n on input line 15.
LaTeX Font Info:    ... okay on input line 15.
LaTeX Font Info:    Checking defaults for OT1/cmr/m/n on input line 15.
LaTeX Font Info:    ... okay on input line 15.
LaTeX Font Info:    Checking defaults for OMS/cmsy/m/n on input line 15.
LaTeX Font Info:    ... okay on input line 15.
LaTeX Font Info:    Checking defaults for OMX/cmex/m/n on input line 15.
LaTeX Font Info:    ... okay on input line 15.
LaTeX Font Info:    Checking defaults for U/cmr/m/n on input line 15.
LaTeX Font Info:    ... okay on input line 15.

(/usr/local/texlive/2015/texmf-dist/tex/context/base/supp-pdf.mkii
[Loading MPS to PDF converter (version 2006.09.02).]
\scratchcounter=\count91
\scratchdimen=\dimen105
\scratchbox=\box26
\nofMPsegments=\count92
\nofMParguments=\count93
\everyMPshowfont=\toks16
\MPscratchCnt=\count94
\MPscratchDim=\dimen106
\MPnumerator=\count95
\makeMPintoPDFobject=\count96
\everyMPtoPDFconversion=\toks17
) (/usr/local/texlive/2015/texmf-dist/tex/generic/oberdiek/pdftexcmds.sty
Package: pdftexcmds 2011/11/29 v0.20 Utility functions of pdfTeX for LuaTeX (HO
)

(/usr/local/texlive/2015/texmf-dist/tex/generic/oberdiek/ifluatex.sty
Package: ifluatex 2010/03/01 v1.3 Provides the ifluatex switch (HO)
Package ifluatex Info: LuaTeX not detected.
)
(/usr/local/texlive/2015/texmf-dist/tex/generic/oberdiek/ifpdf.sty
Package: ifpdf 2011/01/30 v2.3 Provides the ifpdf switch (HO)
Package ifpdf Info: pdfTeX in PDF mode is detected.
)
Package pdftexcmds Info: LuaTeX not detected.
Package pdftexcmds Info: \pdf@primitive is available.
Package pdftexcmds Info: \pdf@ifprimitive is available.
Package pdftexcmds Info: \pdfdraftmode found.
)
(/usr/local/texlive/2015/texmf-dist/tex/latex/oberdiek/epstopdf-base.sty
Package: epstopdf-base 2010/02/09 v2.5 Base part for package epstopdf

(/usr/local/texlive/2015/texmf-dist/tex/latex/oberdiek/grfext.sty
Package: grfext 2010/08/19 v1.1 Manage graphics extensions (HO)

(/usr/local/texlive/2015/texmf-dist/tex/generic/oberdiek/kvdefinekeys.sty
Package: kvdefinekeys 2011/04/07 v1.3 Define keys (HO)
))
(/usr/local/texlive/2015/texmf-dist/tex/latex/oberdiek/kvoptions.sty
Package: kvoptions 2011/06/30 v3.11 Key value format for package options (HO)

(/usr/local/texlive/2015/texmf-dist/tex/generic/oberdiek/kvsetkeys.sty
Package: kvsetkeys 2012/04/25 v1.16 Key value parser (HO)

(/usr/local/texlive/2015/texmf-dist/tex/generic/oberdiek/etexcmds.sty
Package: etexcmds 2011/02/16 v1.5 Avoid name clashes with e-TeX commands (HO)
Package etexcmds Info: Could not find \expanded.
(etexcmds)             That can mean that you are not using pdfTeX 1.50 or
(etexcmds)             that some package has redefined \expanded.
(etexcmds)             In the latter case, load this package earlier.
)))
Package grfext Info: Graphics extension search list:
(grfext)             [.png,.pdf,.jpg,.mps,.jpeg,.jbig2,.jb2,.PNG,.PDF,.JPG,.JPE
G,.JBIG2,.JB2,.eps]
(grfext)             \AppendGraphicsExtensions on input line 452.

(/usr/local/texlive/2015/texmf-dist/tex/latex/latexconfig/epstopdf-sys.cfg
File: epstopdf-sys.cfg 2010/07/13 v1.3 Configuration of (r)epstopdf for TeX Liv
e
))
LaTeX Font Info:    Try loading font information for U+msa on input line 28.

(/usr/local/texlive/2015/texmf-dist/tex/latex/amsfonts/umsa.fd
File: umsa.fd 2013/01/14 v3.01 AMS symbols A
)
LaTeX Font Info:    Try loading font information for U+msb on input line 28.

(/usr/local/texlive/2015/texmf-dist/tex/latex/amsfonts/umsb.fd
File: umsb.fd 2013/01/14 v3.01 AMS symbols B
) [1

{/usr/local/texlive/2015/texmf-var/fonts/map/pdftex/updmap/pdftex.map}]
Overfull \hbox (115.4232pt too wide) in paragraph at lines 42--90
[][]
 []


Underfull \hbox (badness 10000) in paragraph at lines 42--90

 []


LaTeX Warning: Float too large for page by 120.66876pt on input line 90.

[2]
Package epstopdf Info: Source file: <power1main.eps>
(epstopdf)                    date: 2019-08-01 15:52:34
(epstopdf)                    size: 89476 bytes
(epstopdf)             Output file: <power1main-eps-converted-to.pdf>
(epstopdf)                    date: 2019-08-02 13:23:07
(epstopdf)                    size: 16652 bytes
(epstopdf)             Command: <repstopdf --outfile=power1main-eps-converted-t
o.pdf power1main.eps>
(epstopdf)             \includegraphics on input line 107.
Package epstopdf Info: Output file is already uptodate.
 <power1main-eps-converted-to.pdf, id=17, 561.09625pt x 722.7pt>
File: power1main-eps-converted-to.pdf Graphic file (type pdf)

<use power1main-eps-converted-to.pdf>
Package pdftex.def Info: power1main-eps-converted-to.pdf used on input line 107
.
(pdftex.def)             Requested size: 426.7886pt x 426.79732pt.

Overfull \hbox (81.7886pt too wide) in paragraph at lines 107--108
 [] 
 []

Package epstopdf Info: Source file: <mem.eps>
(epstopdf)                    date: 2018-10-15 15:05:52
(epstopdf)                    size: 27772 bytes
(epstopdf)             Output file: <mem-eps-converted-to.pdf>
(epstopdf)                    date: 2019-07-22 12:14:42
(epstopdf)                    size: 15511 bytes
(epstopdf)             Command: <repstopdf --outfile=mem-eps-converted-to.pdf m
em.eps>
(epstopdf)             \includegraphics on input line 129.
Package epstopdf Info: Output file is already uptodate.
<mem-eps-converted-to.pdf, id=18, 561.09625pt x 722.7pt>
File: mem-eps-converted-to.pdf Graphic file (type pdf)

<use mem-eps-converted-to.pdf>
Package pdftex.def Info: mem-eps-converted-to.pdf used on input line 129.
(pdftex.def)             Requested size: 426.7886pt x 426.79732pt.

Overfull \hbox (81.7886pt too wide) in paragraph at lines 129--130
 [] 
 []


LaTeX Warning: Float too large for page by 59.29732pt on input line 131.


Underfull \hbox (badness 10000) in paragraph at lines 148--150
[]\OT1/cmr/m/n/7 Muscles.Sol.g Mus-cles.TA.g Mus-cles.Plant.g
 []


Underfull \hbox (badness 10000) in paragraph at lines 148--150
\OT1/cmr/m/n/7 Mus-cles.EDL.g Mus-cles.Gast.g SPPI.ln.pa
 []


Underfull \hbox (badness 10000) in paragraph at lines 148--150
\OT1/cmr/m/n/7 Bioch.Calcium Bioch.Tot.Cholesterol
 []


Underfull \hbox (badness 10000) in paragraph at lines 150--151
[]\OT1/cmr/m/n/7 Muscles.Sol.g Mus-cles.TA.g Mus-cles.Plant.g
 []


Underfull \hbox (badness 10000) in paragraph at lines 150--151
\OT1/cmr/m/n/7 Mus-cles.EDL.g Mus-cles.Gast.g SPPI.ln.pa
 []


Underfull \hbox (badness 10000) in paragraph at lines 150--151
\OT1/cmr/m/n/7 Bioch.Calcium Bioch.Tot.Cholesterol
 []


Underfull \hbox (badness 10000) in paragraph at lines 153--155
[]\OT1/cmr/m/n/7 Muscles.Sol.g Mus-cles.TA.g Mus-cles.Plant.g
 []


Underfull \hbox (badness 10000) in paragraph at lines 153--155
\OT1/cmr/m/n/7 Mus-cles.EDL.g Mus-cles.Gast.g SPPI.ln.pa
 []


Underfull \hbox (badness 10000) in paragraph at lines 153--155
\OT1/cmr/m/n/7 Bioch.Calcium Bioch.Tot.Cholesterol
 []


Underfull \hbox (badness 10000) in paragraph at lines 156--158
[]\OT1/cmr/m/n/7 BMC.Mean BMC.StdDev BMC.StdDev.N
 []


Underfull \hbox (badness 10000) in paragraph at lines 159--160
[]\OT1/cmr/m/n/7 Muscles.Sol.g Mus-cles.TA.g Mus-cles.Plant.g
 []


Underfull \hbox (badness 10000) in paragraph at lines 159--160
\OT1/cmr/m/n/7 Mus-cles.EDL.g Mus-cles.Gast.g SPPI.ln.pa
 []


Underfull \hbox (badness 10000) in paragraph at lines 159--160
\OT1/cmr/m/n/7 Bioch.Calcium Bioch.Tot.Cholesterol
 []


Overfull \hbox (74.909pt too wide) in paragraph at lines 145--166
[][] 
 []

<1.jpeg, id=19, 5018.75pt x 5018.75pt>
File: 1.jpeg Graphic file (type jpg)
 <use 1.jpeg>
Package pdftex.def Info: 1.jpeg used on input line 215.
(pdftex.def)             Requested size: 426.77956pt x 426.77956pt.

Overfull \hbox (81.77956pt too wide) in paragraph at lines 215--216
 [] 
 []

<5.jpeg, id=20, 5018.75pt x 5018.75pt>
File: 5.jpeg Graphic file (type jpg)
 <use 5.jpeg>
Package pdftex.def Info: 5.jpeg used on input line 222.
(pdftex.def)             Requested size: 426.77956pt x 426.77956pt.

Overfull \hbox (81.77956pt too wide) in paragraph at lines 222--223
 [] 
 []

<9.jpeg, id=21, 5018.75pt x 5018.75pt>
File: 9.jpeg Graphic file (type jpg)
 <use 9.jpeg>
Package pdftex.def Info: 9.jpeg used on input line 229.
(pdftex.def)             Requested size: 426.77956pt x 426.77956pt.

Overfull \hbox (81.77956pt too wide) in paragraph at lines 229--230
 [] 
 []

<13.jpeg, id=22, 5018.75pt x 5018.75pt>
File: 13.jpeg Graphic file (type jpg)
 <use 13.jpeg>
Package pdftex.def Info: 13.jpeg used on input line 236.
(pdftex.def)             Requested size: 426.77956pt x 426.77956pt.

Overfull \hbox (81.77956pt too wide) in paragraph at lines 236--237
 [] 
 []

<17.jpeg, id=23, 5018.75pt x 5018.75pt>
File: 17.jpeg Graphic file (type jpg)
 <use 17.jpeg>
Package pdftex.def Info: 17.jpeg used on input line 243.
(pdftex.def)             Requested size: 426.77956pt x 426.77956pt.

Overfull \hbox (81.77956pt too wide) in paragraph at lines 243--244
 [] 
 []

<21.jpeg, id=24, 5018.75pt x 5018.75pt>
File: 21.jpeg Graphic file (type jpg)
 <use 21.jpeg>
Package pdftex.def Info: 21.jpeg used on input line 250.
(pdftex.def)             Requested size: 426.77956pt x 426.77956pt.

Overfull \hbox (81.77956pt too wide) in paragraph at lines 250--251
 [] 
 []

<25.jpeg, id=25, 5018.75pt x 5018.75pt>
File: 25.jpeg Graphic file (type jpg)
 <use 25.jpeg>
Package pdftex.def Info: 25.jpeg used on input line 257.
(pdftex.def)             Requested size: 426.77956pt x 426.77956pt.

Overfull \hbox (81.77956pt too wide) in paragraph at lines 257--258
 [] 
 []

<29.jpeg, id=26, 5018.75pt x 5018.75pt>
File: 29.jpeg Graphic file (type jpg)
 <use 29.jpeg>
Package pdftex.def Info: 29.jpeg used on input line 264.
(pdftex.def)             Requested size: 426.77956pt x 426.77956pt.

Overfull \hbox (81.77956pt too wide) in paragraph at lines 264--265
 [] 
 []

<33.jpeg, id=27, 5018.75pt x 5018.75pt>
File: 33.jpeg Graphic file (type jpg)
 <use 33.jpeg>
Package pdftex.def Info: 33.jpeg used on input line 271.
(pdftex.def)             Requested size: 426.77956pt x 426.77956pt.

Overfull \hbox (81.77956pt too wide) in paragraph at lines 271--272
 [] 
 []

<37.jpeg, id=28, 5018.75pt x 5018.75pt>
File: 37.jpeg Graphic file (type jpg)
 <use 37.jpeg>
Package pdftex.def Info: 37.jpeg used on input line 278.
(pdftex.def)             Requested size: 426.77956pt x 426.77956pt.

Overfull \hbox (81.77956pt too wide) in paragraph at lines 278--279
 [] 
 []

[3


] [4 <./power1main-eps-converted-to.pdf>] [5 <./mem-eps-converted-to.pdf>]
[6 <./1.jpeg>] [7 <./5.jpeg>] [8 <./9.jpeg>] [9 <./13.jpeg>] [10 <./17.jpeg>]
[11 <./21.jpeg>] [12 <./25.jpeg>] [13 <./29.jpeg>] [14 <./33.jpeg>] [15 <./37.j
peg>] (./supmaterials.aux)

LaTeX Warning: Label(s) may have changed. Rerun to get cross-references right.

 ) 
Here is how much of TeX's memory you used:
 1789 strings out of 493089
 25669 string characters out of 6134842
 89965 words of memory out of 5000000
 5230 multiletter control sequences out of 15000+600000
 11640 words of font info for 45 fonts, out of 8000000 for 9000
 1141 hyphenation exceptions out of 8191
 37i,9n,24p,898b,274s stack positions out of 5000i,500n,10000p,200000b,80000s
</usr/local/texlive/2015/texmf-dist/fonts/type1/public/amsfonts/cm/cmbx10.pfb
></usr/local/texlive/2015/texmf-dist/fonts/type1/public/amsfonts/cm/cmbxti10.pf
b></usr/local/texlive/2015/texmf-dist/fonts/type1/public/amsfonts/cm/cmmi5.pfb>
</usr/local/texlive/2015/texmf-dist/fonts/type1/public/amsfonts/cm/cmmi7.pfb></
usr/local/texlive/2015/texmf-dist/fonts/type1/public/amsfonts/cm/cmr10.pfb></us
r/local/texlive/2015/texmf-dist/fonts/type1/public/amsfonts/cm/cmr12.pfb></usr/
local/texlive/2015/texmf-dist/fonts/type1/public/amsfonts/cm/cmr17.pfb></usr/lo
cal/texlive/2015/texmf-dist/fonts/type1/public/amsfonts/cm/cmr7.pfb></usr/local
/texlive/2015/texmf-dist/fonts/type1/public/amsfonts/cm/cmr8.pfb>
Output written on supmaterials.pdf (15 pages, 17809408 bytes).
PDF statistics:
 117 PDF objects out of 1000 (max. 8388607)
 74 compressed objects within 1 object stream
 0 named destinations out of 1000 (max. 500000)
 61 words of extra memory for PDF output out of 10000 (max. 10000000)

