This is pdfTeX, Version 3.14159265-2.6-1.40.16 (TeX Live 2015) (preloaded format=latex 2015.8.31)  7 FEB 2019 10:27
entering extended mode
 restricted \write18 enabled.
 %&-line parsing enabled.
**natbib.ins pwd
(./natbib.ins
LaTeX2e <2015/01/01>
Babel <3.9l> and hyphenation patterns for 79 languages loaded.
(/usr/local/texlive/2015/texmf-dist/tex/latex/base/docstrip.tex
\blockLevel=\count79
\emptyLines=\count80
\processedLines=\count81
\commentsRemoved=\count82
\commentsPassed=\count83
\codeLinesPassed=\count84
\TotalprocessedLines=\count85
\TotalcommentsRemoved=\count86
\TotalcommentsPassed=\count87
\TotalcodeLinesPassed=\count88
\NumberOfFiles=\count89
\inFile=\read1
\inputcheck=\read2
\off@0=\count90
\off@1=\count91
\off@2=\count92
\off@3=\count93
\off@4=\count94
\off@5=\count95
\off@6=\count96
\off@7=\count97
\off@8=\count98
\off@9=\count99
\off@10=\count100
\off@11=\count101
\off@12=\count102
\off@13=\count103
\off@14=\count104
\off@15=\count105
\@maxfiles=\count106
\@maxoutfiles=\count107

Utility: `docstrip' 2.5e <2014/09/29>
English documentation    <2014/09/29>

**********************************************************
* This program converts documented macro-files into fast *
* loadable files by stripping off (nearly) all comments! *
**********************************************************

********************************************************
* No Configuration file found, using default settings. *
********************************************************

(./natbib.ins

Generating file(s) ./natbib.sty ./natnotes.tex ./natbib.ltx 
\openout0 = `./natbib.sty'.

\openout1 = `./natnotes.tex'.

\openout2 = `./natbib.ltx'.


Processing file natbib.dtx (package,all) -> natbib.sty
                           (notes) -> natnotes.tex
                           (driver) -> natbib.ltx
Lines  processed: 5620
Comments removed: 3852
Comments  passed: 6
Codelines passed: 1669

*********************************************
* For documentation, process natbib.dtx     *
*    or the driver file      natbib.ltx     *
* For reference sheet, process natnotes.tex *
*********************************************
) ) ) 
Here is how much of TeX's memory you used:
 349 strings out of 493090
 3485 string characters out of 6134868
 59498 words of memory out of 5000000
 3925 multiletter control sequences out of 15000+600000
 3640 words of font info for 14 fonts, out of 8000000 for 9000
 1141 hyphenation exceptions out of 8191
 17i,0n,15p,265b,160s stack positions out of 5000i,500n,10000p,200000b,80000s

No pages of output.
